<?xml version="1.0" encoding="UTF-8"?>
<testng-results total="1" passed="1" failed="0" skipped="0">
  <reporter-output>
  </reporter-output>
  <suite started-at="2022-12-27T07:54:36Z" name="Default suite" finished-at="2022-12-27T07:54:38Z" duration-ms="1784">
    <groups>
    </groups>
    <test started-at="2022-12-27T07:54:36Z" name="Default test" finished-at="2022-12-27T07:54:38Z" duration-ms="1784">
      <class name="DifferentWaysToPostRequest.CreateProjectWithJsonFile">
        <test-method signature="createProject()[pri:0, instance:DifferentWaysToPostRequest.CreateProjectWithJsonFile@2474f125]" started-at="2022-12-27T13:24:36Z" name="createProject" finished-at="2022-12-27T13:24:38Z" duration-ms="1764" status="PASS">
          <reporter-output>
          </reporter-output>
        </test-method> <!-- createProject -->
      </class> <!-- DifferentWaysToPostRequest.CreateProjectWithJsonFile -->
    </test> <!-- Default test -->
  </suite> <!-- Default suite -->
</testng-results>
